# JRE version: Java(TM) SE Runtime Environment (8.0_162-b12) (build 1.8.0_162-b12)
# Java VM: Java HotSpot(TM) 64-Bit Server VM (25.162-b12 mixed mode windows-amd64 compressed oops)
Heap:
 PSYoungGen      total 272896K, used 67908K [0x00000000d5e00000, 0x00000000e8c00000, 0x0000000100000000)
  eden space 261632K, 25% used [0x00000000d5e00000,0x00000000da0511c8,0x00000000e5d80000)
  from space 11264K, 0% used [0x00000000e5d80000,0x00000000e5d80000,0x00000000e6880000)
  to   space 10752K, 0% used [0x00000000e8180000,0x00000000e8180000,0x00000000e8c00000)
 ParOldGen       total 94720K, used 18138K [0x0000000081a00000, 0x0000000087680000, 0x00000000d5e00000)
  object space 94720K, 19% used [0x0000000081a00000,0x0000000082bb6b50,0x0000000087680000)
 Metaspace       used 38909K, capacity 39508K, committed 39768K, reserved 1083392K
  class space    used 5125K, capacity 5245K, committed 5248K, reserved 1048576K
GC Heap History (10 events):
Event: 7.987 GC heap before
{Heap before GC invocations=7 (full 0):
 PSYoungGen      total 139776K, used 31603K [0x00000000d5e00000, 0x00000000df100000, 0x0000000100000000)
  eden space 132096K, 18% used [0x00000000d5e00000,0x00000000d7561140,0x00000000ddf00000)
  from space 7680K, 99% used [0x00000000de780000,0x00000000deefbb88,0x00000000def00000)
  to   space 8704K, 0% used [0x00000000ddf00000,0x00000000ddf00000,0x00000000de780000)
 ParOldGen       total 87552K, used 3969K [0x0000000081a00000, 0x0000000086f80000, 0x00000000d5e00000)
  object space 87552K, 4% used [0x0000000081a00000,0x0000000081de0510,0x0000000086f80000)
 Metaspace       used 20696K, capacity 21114K, committed 21248K, reserved 1067008K
  class space    used 2587K, capacity 2713K, committed 2816K, reserved 1048576K
Event: 8.001 GC heap after
Heap after GC invocations=7 (full 0):
 PSYoungGen      total 140800K, used 8688K [0x00000000d5e00000, 0x00000000e7500000, 0x0000000100000000)
  eden space 132096K, 0% used [0x00000000d5e00000,0x00000000d5e00000,0x00000000ddf00000)
  from space 8704K, 99% used [0x00000000ddf00000,0x00000000de77c3c8,0x00000000de780000)
  to   space 10752K, 0% used [0x00000000e6a80000,0x00000000e6a80000,0x00000000e7500000)
 ParOldGen       total 87552K, used 6377K [0x0000000081a00000, 0x0000000086f80000, 0x00000000d5e00000)
  object space 87552K, 7% used [0x0000000081a00000,0x000000008203a550,0x0000000086f80000)
 Metaspace       used 20696K, capacity 21114K, committed 21248K, reserved 1067008K
  class space    used 2587K, capacity 2713K, committed 2816K, reserved 1048576K
}
Event: 8.001 GC heap before
{Heap before GC invocations=8 (full 1):
 PSYoungGen      total 140800K, used 8688K [0x00000000d5e00000, 0x00000000e7500000, 0x0000000100000000)
  eden space 132096K, 0% used [0x00000000d5e00000,0x00000000d5e00000,0x00000000ddf00000)
  from space 8704K, 99% used [0x00000000ddf00000,0x00000000de77c3c8,0x00000000de780000)
  to   space 10752K, 0% used [0x00000000e6a80000,0x00000000e6a80000,0x00000000e7500000)
 ParOldGen       total 87552K, used 6377K [0x0000000081a00000, 0x0000000086f80000, 0x00000000d5e00000)
  object space 87552K, 7% used [0x0000000081a00000,0x000000008203a550,0x0000000086f80000)
 Metaspace       used 20696K, capacity 21114K, committed 21248K, reserved 1067008K
  class space    used 2587K, capacity 2713K, committed 2816K, reserved 1048576K
Event: 8.067 GC heap after
Heap after GC invocations=8 (full 1):
 PSYoungGen      total 140800K, used 0K [0x00000000d5e00000, 0x00000000e7500000, 0x0000000100000000)
  eden space 132096K, 0% used [0x00000000d5e00000,0x00000000d5e00000,0x00000000ddf00000)
  from space 8704K, 0% used [0x00000000ddf00000,0x00000000ddf00000,0x00000000de780000)
  to   space 10752K, 0% used [0x00000000e6a80000,0x00000000e6a80000,0x00000000e7500000)
 ParOldGen       total 60416K, used 12398K [0x0000000081a00000, 0x0000000085500000, 0x00000000d5e00000)
  object space 60416K, 20% used [0x0000000081a00000,0x000000008261b968,0x0000000085500000)
 Metaspace       used 20696K, capacity 21114K, committed 21248K, reserved 1067008K
  class space    used 2587K, capacity 2713K, committed 2816K, reserved 1048576K
}
Event: 11.250 GC heap before
{Heap before GC invocations=9 (full 1):
 PSYoungGen      total 140800K, used 132096K [0x00000000d5e00000, 0x00000000e7500000, 0x0000000100000000)
  eden space 132096K, 100% used [0x00000000d5e00000,0x00000000ddf00000,0x00000000ddf00000)
  from space 8704K, 0% used [0x00000000ddf00000,0x00000000ddf00000,0x00000000de780000)
  to   space 10752K, 0% used [0x00000000e6a80000,0x00000000e6a80000,0x00000000e7500000)
 ParOldGen       total 60416K, used 12398K [0x0000000081a00000, 0x0000000085500000, 0x00000000d5e00000)
  object space 60416K, 20% used [0x0000000081a00000,0x000000008261b968,0x0000000085500000)
 Metaspace       used 30051K, capacity 30552K, committed 30720K, reserved 1075200K
  class space    used 3949K, capacity 4073K, committed 4096K, reserved 1048576K
Event: 11.263 GC heap after
Heap after GC invocations=9 (full 1):
 PSYoungGen      total 221696K, used 8756K [0x00000000d5e00000, 0x00000000e7380000, 0x0000000100000000)
  eden space 212480K, 0% used [0x00000000d5e00000,0x00000000d5e00000,0x00000000e2d80000)
  from space 9216K, 95% used [0x00000000e6a80000,0x00000000e730d2e0,0x00000000e7380000)
  to   space 11264K, 0% used [0x00000000e5d80000,0x00000000e5d80000,0x00000000e6880000)
 ParOldGen       total 60416K, used 12470K [0x0000000081a00000, 0x0000000085500000, 0x00000000d5e00000)
  object space 60416K, 20% used [0x0000000081a00000,0x000000008262d978,0x0000000085500000)
 Metaspace       used 30051K, capacity 30552K, committed 30720K, reserved 1075200K
  class space    used 3949K, capacity 4073K, committed 4096K, reserved 1048576K
}
Event: 12.320 GC heap before
{Heap before GC invocations=10 (full 1):
 PSYoungGen      total 221696K, used 53342K [0x00000000d5e00000, 0x00000000e7380000, 0x0000000100000000)
  eden space 212480K, 20% used [0x00000000d5e00000,0x00000000d898a628,0x00000000e2d80000)
  from space 9216K, 95% used [0x00000000e6a80000,0x00000000e730d2e0,0x00000000e7380000)
  to   space 11264K, 0% used [0x00000000e5d80000,0x00000000e5d80000,0x00000000e6880000)
 ParOldGen       total 60416K, used 12470K [0x0000000081a00000, 0x0000000085500000, 0x00000000d5e00000)
  object space 60416K, 20% used [0x0000000081a00000,0x000000008262d978,0x0000000085500000)
 Metaspace       used 34772K, capacity 35300K, committed 35416K, reserved 1079296K
  class space    used 4571K, capacity 4715K, committed 4736K, reserved 1048576K
Event: 12.329 GC heap after
Heap after GC invocations=10 (full 1):
 PSYoungGen      total 272896K, used 7107K [0x00000000d5e00000, 0x00000000e8c00000, 0x0000000100000000)
  eden space 261632K, 0% used [0x00000000d5e00000,0x00000000d5e00000,0x00000000e5d80000)
  from space 11264K, 63% used [0x00000000e5d80000,0x00000000e6470f10,0x00000000e6880000)
  to   space 10752K, 0% used [0x00000000e8180000,0x00000000e8180000,0x00000000e8c00000)
 ParOldGen       total 60416K, used 12478K [0x0000000081a00000, 0x0000000085500000, 0x00000000d5e00000)
  object space 60416K, 20% used [0x0000000081a00000,0x000000008262f978,0x0000000085500000)
 Metaspace       used 34772K, capacity 35300K, committed 35416K, reserved 1079296K
  class space    used 4571K, capacity 4715K, committed 4736K, reserved 1048576K
}
Event: 12.329 GC heap before
{Heap before GC invocations=11 (full 2):
 PSYoungGen      total 272896K, used 7107K [0x00000000d5e00000, 0x00000000e8c00000, 0x0000000100000000)
  eden space 261632K, 0% used [0x00000000d5e00000,0x00000000d5e00000,0x00000000e5d80000)
  from space 11264K, 63% used [0x00000000e5d80000,0x00000000e6470f10,0x00000000e6880000)
  to   space 10752K, 0% used [0x00000000e8180000,0x00000000e8180000,0x00000000e8c00000)
 ParOldGen       total 60416K, used 12478K [0x0000000081a00000, 0x0000000085500000, 0x00000000d5e00000)
  object space 60416K, 20% used [0x0000000081a00000,0x000000008262f978,0x0000000085500000)
 Metaspace       used 34772K, capacity 35300K, committed 35416K, reserved 1079296K
  class space    used 4571K, capacity 4715K, committed 4736K, reserved 1048576K
Event: 12.471 GC heap after
Heap after GC invocations=11 (full 2):
 PSYoungGen      total 272896K, used 0K [0x00000000d5e00000, 0x00000000e8c00000, 0x0000000100000000)
  eden space 261632K, 0% used [0x00000000d5e00000,0x00000000d5e00000,0x00000000e5d80000)
  from space 11264K, 0% used [0x00000000e5d80000,0x00000000e5d80000,0x00000000e6880000)
  to   space 10752K, 0% used [0x00000000e8180000,0x00000000e8180000,0x00000000e8c00000)
 ParOldGen       total 94720K, used 18138K [0x0000000081a00000, 0x0000000087680000, 0x00000000d5e00000)
  object space 94720K, 19% used [0x0000000081a00000,0x0000000082bb6b50,0x0000000087680000)
 Metaspace       used 34772K, capacity 35300K, committed 35416K, reserved 1079296K
  class space    used 4571K, capacity 4715K, committed 4736K, reserved 1048576K
}

