# JRE version: Java(TM) SE Runtime Environment (8.0_162-b12) (build 1.8.0_162-b12)
# Java VM: Java HotSpot(TM) 64-Bit Server VM (25.162-b12 mixed mode windows-amd64 compressed oops)
Heap:
 PSYoungGen      total 209920K, used 116819K [0x00000000d5e00000, 0x00000000e4f80000, 0x0000000100000000)
  eden space 194560K, 60% used [0x00000000d5e00000,0x00000000dd014f50,0x00000000e1c00000)
  from space 15360K, 0% used [0x00000000e3080000,0x00000000e3080000,0x00000000e3f80000)
  to   space 20992K, 0% used [0x00000000e1c00000,0x00000000e1c00000,0x00000000e3080000)
 ParOldGen       total 157696K, used 37296K [0x0000000081a00000, 0x000000008b400000, 0x00000000d5e00000)
  object space 157696K, 23% used [0x0000000081a00000,0x0000000083e6c2a0,0x000000008b400000)
 Metaspace       used 63115K, capacity 65176K, committed 65408K, reserved 1105920K
  class space    used 9422K, capacity 9803K, committed 9856K, reserved 1048576K
GC Heap History (10 events):
Event: 9.210 GC heap before
{Heap before GC invocations=11 (full 2):
 PSYoungGen      total 144896K, used 135168K [0x00000000d5e00000, 0x00000000e2900000, 0x0000000100000000)
  eden space 135168K, 100% used [0x00000000d5e00000,0x00000000de200000,0x00000000de200000)
  from space 9728K, 0% used [0x00000000dec80000,0x00000000dec80000,0x00000000df600000)
  to   space 10752K, 0% used [0x00000000de200000,0x00000000de200000,0x00000000dec80000)
 ParOldGen       total 102400K, used 16193K [0x0000000081a00000, 0x0000000087e00000, 0x00000000d5e00000)
  object space 102400K, 15% used [0x0000000081a00000,0x00000000829d0730,0x0000000087e00000)
 Metaspace       used 39815K, capacity 40466K, committed 40576K, reserved 1085440K
  class space    used 5320K, capacity 5462K, committed 5504K, reserved 1048576K
Event: 9.217 GC heap after
Heap after GC invocations=11 (full 2):
 PSYoungGen      total 145920K, used 6807K [0x00000000d5e00000, 0x00000000e1200000, 0x0000000100000000)
  eden space 135168K, 0% used [0x00000000d5e00000,0x00000000d5e00000,0x00000000de200000)
  from space 10752K, 63% used [0x00000000de200000,0x00000000de8a5d18,0x00000000dec80000)
  to   space 10240K, 0% used [0x00000000e0800000,0x00000000e0800000,0x00000000e1200000)
 ParOldGen       total 102400K, used 16201K [0x0000000081a00000, 0x0000000087e00000, 0x00000000d5e00000)
  object space 102400K, 15% used [0x0000000081a00000,0x00000000829d2730,0x0000000087e00000)
 Metaspace       used 39815K, capacity 40466K, committed 40576K, reserved 1085440K
  class space    used 5320K, capacity 5462K, committed 5504K, reserved 1048576K
}
Event: 10.852 GC heap before
{Heap before GC invocations=12 (full 2):
 PSYoungGen      total 145920K, used 141975K [0x00000000d5e00000, 0x00000000e1200000, 0x0000000100000000)
  eden space 135168K, 100% used [0x00000000d5e00000,0x00000000de200000,0x00000000de200000)
  from space 10752K, 63% used [0x00000000de200000,0x00000000de8a5d18,0x00000000dec80000)
  to   space 10240K, 0% used [0x00000000e0800000,0x00000000e0800000,0x00000000e1200000)
 ParOldGen       total 102400K, used 16201K [0x0000000081a00000, 0x0000000087e00000, 0x00000000d5e00000)
  object space 102400K, 15% used [0x0000000081a00000,0x00000000829d2730,0x0000000087e00000)
 Metaspace       used 43931K, capacity 44746K, committed 45056K, reserved 1087488K
  class space    used 5943K, capacity 6106K, committed 6144K, reserved 1048576K
Event: 10.888 GC heap after
Heap after GC invocations=12 (full 2):
 PSYoungGen      total 172544K, used 10217K [0x00000000d5e00000, 0x00000000e1b00000, 0x0000000100000000)
  eden space 162304K, 0% used [0x00000000d5e00000,0x00000000d5e00000,0x00000000dfc80000)
  from space 10240K, 99% used [0x00000000e0800000,0x00000000e11fa548,0x00000000e1200000)
  to   space 11776K, 0% used [0x00000000dfc80000,0x00000000dfc80000,0x00000000e0800000)
 ParOldGen       total 102400K, used 17692K [0x0000000081a00000, 0x0000000087e00000, 0x00000000d5e00000)
  object space 102400K, 17% used [0x0000000081a00000,0x0000000082b47090,0x0000000087e00000)
 Metaspace       used 43931K, capacity 44746K, committed 45056K, reserved 1087488K
  class space    used 5943K, capacity 6106K, committed 6144K, reserved 1048576K
}
Event: 15.467 GC heap before
{Heap before GC invocations=13 (full 2):
 PSYoungGen      total 172544K, used 172521K [0x00000000d5e00000, 0x00000000e1b00000, 0x0000000100000000)
  eden space 162304K, 100% used [0x00000000d5e00000,0x00000000dfc80000,0x00000000dfc80000)
  from space 10240K, 99% used [0x00000000e0800000,0x00000000e11fa548,0x00000000e1200000)
  to   space 11776K, 0% used [0x00000000dfc80000,0x00000000dfc80000,0x00000000e0800000)
 ParOldGen       total 102400K, used 17692K [0x0000000081a00000, 0x0000000087e00000, 0x00000000d5e00000)
  object space 102400K, 17% used [0x0000000081a00000,0x0000000082b47090,0x0000000087e00000)
 Metaspace       used 51561K, capacity 52434K, committed 52736K, reserved 1093632K
  class space    used 7938K, capacity 8104K, committed 8192K, reserved 1048576K
Event: 15.489 GC heap after
Heap after GC invocations=13 (full 2):
 PSYoungGen      total 174080K, used 11761K [0x00000000d5e00000, 0x00000000e3f80000, 0x0000000100000000)
  eden space 162304K, 0% used [0x00000000d5e00000,0x00000000d5e00000,0x00000000dfc80000)
  from space 11776K, 99% used [0x00000000dfc80000,0x00000000e07fc478,0x00000000e0800000)
  to   space 15360K, 0% used [0x00000000e3080000,0x00000000e3080000,0x00000000e3f80000)
 ParOldGen       total 102400K, used 23624K [0x0000000081a00000, 0x0000000087e00000, 0x00000000d5e00000)
  object space 102400K, 23% used [0x0000000081a00000,0x00000000831122e8,0x0000000087e00000)
 Metaspace       used 51561K, capacity 52434K, committed 52736K, reserved 1093632K
  class space    used 7938K, capacity 8104K, committed 8192K, reserved 1048576K
}
Event: 17.351 GC heap before
{Heap before GC invocations=14 (full 2):
 PSYoungGen      total 174080K, used 111543K [0x00000000d5e00000, 0x00000000e3f80000, 0x0000000100000000)
  eden space 162304K, 61% used [0x00000000d5e00000,0x00000000dbf71960,0x00000000dfc80000)
  from space 11776K, 99% used [0x00000000dfc80000,0x00000000e07fc478,0x00000000e0800000)
  to   space 15360K, 0% used [0x00000000e3080000,0x00000000e3080000,0x00000000e3f80000)
 ParOldGen       total 102400K, used 23624K [0x0000000081a00000, 0x0000000087e00000, 0x00000000d5e00000)
  object space 102400K, 23% used [0x0000000081a00000,0x00000000831122e8,0x0000000087e00000)
 Metaspace       used 58062K, capacity 59008K, committed 59136K, reserved 1099776K
  class space    used 8984K, capacity 9198K, committed 9216K, reserved 1048576K
Event: 17.388 GC heap after
Heap after GC invocations=14 (full 2):
 PSYoungGen      total 209920K, used 15338K [0x00000000d5e00000, 0x00000000e4f80000, 0x0000000100000000)
  eden space 194560K, 0% used [0x00000000d5e00000,0x00000000d5e00000,0x00000000e1c00000)
  from space 15360K, 99% used [0x00000000e3080000,0x00000000e3f7aaa0,0x00000000e3f80000)
  to   space 20992K, 0% used [0x00000000e1c00000,0x00000000e1c00000,0x00000000e3080000)
 ParOldGen       total 102400K, used 32684K [0x0000000081a00000, 0x0000000087e00000, 0x00000000d5e00000)
  object space 102400K, 31% used [0x0000000081a00000,0x00000000839eb178,0x0000000087e00000)
 Metaspace       used 58062K, capacity 59008K, committed 59136K, reserved 1099776K
  class space    used 8984K, capacity 9198K, committed 9216K, reserved 1048576K
}
Event: 17.388 GC heap before
{Heap before GC invocations=15 (full 3):
 PSYoungGen      total 209920K, used 15338K [0x00000000d5e00000, 0x00000000e4f80000, 0x0000000100000000)
  eden space 194560K, 0% used [0x00000000d5e00000,0x00000000d5e00000,0x00000000e1c00000)
  from space 15360K, 99% used [0x00000000e3080000,0x00000000e3f7aaa0,0x00000000e3f80000)
  to   space 20992K, 0% used [0x00000000e1c00000,0x00000000e1c00000,0x00000000e3080000)
 ParOldGen       total 102400K, used 32684K [0x0000000081a00000, 0x0000000087e00000, 0x00000000d5e00000)
  object space 102400K, 31% used [0x0000000081a00000,0x00000000839eb178,0x0000000087e00000)
 Metaspace       used 58062K, capacity 59008K, committed 59136K, reserved 1099776K
  class space    used 8984K, capacity 9198K, committed 9216K, reserved 1048576K
Event: 17.680 GC heap after
Heap after GC invocations=15 (full 3):
 PSYoungGen      total 209920K, used 0K [0x00000000d5e00000, 0x00000000e4f80000, 0x0000000100000000)
  eden space 194560K, 0% used [0x00000000d5e00000,0x00000000d5e00000,0x00000000e1c00000)
  from space 15360K, 0% used [0x00000000e3080000,0x00000000e3080000,0x00000000e3f80000)
  to   space 20992K, 0% used [0x00000000e1c00000,0x00000000e1c00000,0x00000000e3080000)
 ParOldGen       total 157696K, used 37296K [0x0000000081a00000, 0x000000008b400000, 0x00000000d5e00000)
  object space 157696K, 23% used [0x0000000081a00000,0x0000000083e6c2a0,0x000000008b400000)
 Metaspace       used 58062K, capacity 59008K, committed 59136K, reserved 1099776K
  class space    used 8984K, capacity 9198K, committed 9216K, reserved 1048576K
}

