# JRE version: Java(TM) SE Runtime Environment (8.0_162-b12) (build 1.8.0_162-b12)
# Java VM: Java HotSpot(TM) 64-Bit Server VM (25.162-b12 mixed mode windows-amd64 compressed oops)
Heap:
 PSYoungGen      total 267776K, used 102861K [0x00000000d5e00000, 0x00000000ee180000, 0x0000000100000000)
  eden space 257536K, 39% used [0x00000000d5e00000,0x00000000dc273620,0x00000000e5980000)
  from space 10240K, 0% used [0x00000000e5980000,0x00000000e5980000,0x00000000e6380000)
  to   space 11264K, 0% used [0x00000000ed680000,0x00000000ed680000,0x00000000ee180000)
 ParOldGen       total 52224K, used 20060K [0x0000000081a00000, 0x0000000084d00000, 0x00000000d5e00000)
  object space 52224K, 38% used [0x0000000081a00000,0x0000000082d973b8,0x0000000084d00000)
 Metaspace       used 39105K, capacity 39670K, committed 39896K, reserved 1083392K
  class space    used 5157K, capacity 5278K, committed 5376K, reserved 1048576K
GC Heap History (10 events):
Event: 4.035 GC heap before
{Heap before GC invocations=7 (full 0):
 PSYoungGen      total 137728K, used 10270K [0x00000000d5e00000, 0x00000000df500000, 0x0000000100000000)
  eden space 130048K, 1% used [0x00000000d5e00000,0x00000000d6087ad0,0x00000000ddd00000)
  from space 7680K, 99% used [0x00000000de780000,0x00000000deeffe70,0x00000000def00000)
  to   space 10752K, 0% used [0x00000000ddd00000,0x00000000ddd00000,0x00000000de780000)
 ParOldGen       total 87552K, used 8107K [0x0000000081a00000, 0x0000000086f80000, 0x00000000d5e00000)
  object space 87552K, 9% used [0x0000000081a00000,0x00000000821eae18,0x0000000086f80000)
 Metaspace       used 20820K, capacity 21106K, committed 21248K, reserved 1067008K
  class space    used 2632K, capacity 2718K, committed 2816K, reserved 1048576K
Event: 4.051 GC heap after
Heap after GC invocations=7 (full 0):
 PSYoungGen      total 140800K, used 5860K [0x00000000d5e00000, 0x00000000e7100000, 0x0000000100000000)
  eden space 130048K, 0% used [0x00000000d5e00000,0x00000000d5e00000,0x00000000ddd00000)
  from space 10752K, 54% used [0x00000000ddd00000,0x00000000de2b9060,0x00000000de780000)
  to   space 10752K, 0% used [0x00000000e6680000,0x00000000e6680000,0x00000000e7100000)
 ParOldGen       total 87552K, used 10016K [0x0000000081a00000, 0x0000000086f80000, 0x00000000d5e00000)
  object space 87552K, 11% used [0x0000000081a00000,0x00000000823c8000,0x0000000086f80000)
 Metaspace       used 20820K, capacity 21106K, committed 21248K, reserved 1067008K
  class space    used 2632K, capacity 2718K, committed 2816K, reserved 1048576K
}
Event: 4.051 GC heap before
{Heap before GC invocations=8 (full 1):
 PSYoungGen      total 140800K, used 5860K [0x00000000d5e00000, 0x00000000e7100000, 0x0000000100000000)
  eden space 130048K, 0% used [0x00000000d5e00000,0x00000000d5e00000,0x00000000ddd00000)
  from space 10752K, 54% used [0x00000000ddd00000,0x00000000de2b9060,0x00000000de780000)
  to   space 10752K, 0% used [0x00000000e6680000,0x00000000e6680000,0x00000000e7100000)
 ParOldGen       total 87552K, used 10016K [0x0000000081a00000, 0x0000000086f80000, 0x00000000d5e00000)
  object space 87552K, 11% used [0x0000000081a00000,0x00000000823c8000,0x0000000086f80000)
 Metaspace       used 20820K, capacity 21106K, committed 21248K, reserved 1067008K
  class space    used 2632K, capacity 2718K, committed 2816K, reserved 1048576K
Event: 4.124 GC heap after
Heap after GC invocations=8 (full 1):
 PSYoungGen      total 140800K, used 0K [0x00000000d5e00000, 0x00000000e7100000, 0x0000000100000000)
  eden space 130048K, 0% used [0x00000000d5e00000,0x00000000d5e00000,0x00000000ddd00000)
  from space 10752K, 0% used [0x00000000ddd00000,0x00000000ddd00000,0x00000000de780000)
  to   space 10752K, 0% used [0x00000000e6680000,0x00000000e6680000,0x00000000e7100000)
 ParOldGen       total 52224K, used 11461K [0x0000000081a00000, 0x0000000084d00000, 0x00000000d5e00000)
  object space 52224K, 21% used [0x0000000081a00000,0x0000000082531430,0x0000000084d00000)
 Metaspace       used 20820K, capacity 21106K, committed 21248K, reserved 1067008K
  class space    used 2632K, capacity 2718K, committed 2816K, reserved 1048576K
}
Event: 5.490 GC heap before
{Heap before GC invocations=9 (full 1):
 PSYoungGen      total 140800K, used 130048K [0x00000000d5e00000, 0x00000000e7100000, 0x0000000100000000)
  eden space 130048K, 100% used [0x00000000d5e00000,0x00000000ddd00000,0x00000000ddd00000)
  from space 10752K, 0% used [0x00000000ddd00000,0x00000000ddd00000,0x00000000de780000)
  to   space 10752K, 0% used [0x00000000e6680000,0x00000000e6680000,0x00000000e7100000)
 ParOldGen       total 52224K, used 11461K [0x0000000081a00000, 0x0000000084d00000, 0x00000000d5e00000)
  object space 52224K, 21% used [0x0000000081a00000,0x0000000082531430,0x0000000084d00000)
 Metaspace       used 27732K, capacity 28232K, committed 28416K, reserved 1073152K
  class space    used 3647K, capacity 3751K, committed 3840K, reserved 1048576K
Event: 5.499 GC heap after
Heap after GC invocations=9 (full 1):
 PSYoungGen      total 253440K, used 7001K [0x00000000d5e00000, 0x00000000e6d80000, 0x0000000100000000)
  eden space 246272K, 0% used [0x00000000d5e00000,0x00000000d5e00000,0x00000000e4e80000)
  from space 7168K, 97% used [0x00000000e6680000,0x00000000e6d56698,0x00000000e6d80000)
  to   space 10240K, 0% used [0x00000000e5980000,0x00000000e5980000,0x00000000e6380000)
 ParOldGen       total 52224K, used 11533K [0x0000000081a00000, 0x0000000084d00000, 0x00000000d5e00000)
  object space 52224K, 22% used [0x0000000081a00000,0x0000000082543440,0x0000000084d00000)
 Metaspace       used 27732K, capacity 28232K, committed 28416K, reserved 1073152K
  class space    used 3647K, capacity 3751K, committed 3840K, reserved 1048576K
}
Event: 6.745 GC heap before
{Heap before GC invocations=10 (full 1):
 PSYoungGen      total 253440K, used 88180K [0x00000000d5e00000, 0x00000000e6d80000, 0x0000000100000000)
  eden space 246272K, 32% used [0x00000000d5e00000,0x00000000dad46af8,0x00000000e4e80000)
  from space 7168K, 97% used [0x00000000e6680000,0x00000000e6d56698,0x00000000e6d80000)
  to   space 10240K, 0% used [0x00000000e5980000,0x00000000e5980000,0x00000000e6380000)
 ParOldGen       total 52224K, used 11533K [0x0000000081a00000, 0x0000000084d00000, 0x00000000d5e00000)
  object space 52224K, 22% used [0x0000000081a00000,0x0000000082543440,0x0000000084d00000)
 Metaspace       used 34697K, capacity 35208K, committed 35416K, reserved 1079296K
  class space    used 4605K, capacity 4721K, committed 4736K, reserved 1048576K
Event: 6.759 GC heap after
Heap after GC invocations=10 (full 1):
 PSYoungGen      total 267776K, used 9566K [0x00000000d5e00000, 0x00000000ee180000, 0x0000000100000000)
  eden space 257536K, 0% used [0x00000000d5e00000,0x00000000d5e00000,0x00000000e5980000)
  from space 10240K, 93% used [0x00000000e5980000,0x00000000e62d7a60,0x00000000e6380000)
  to   space 11264K, 0% used [0x00000000ed680000,0x00000000ed680000,0x00000000ee180000)
 ParOldGen       total 52224K, used 11541K [0x0000000081a00000, 0x0000000084d00000, 0x00000000d5e00000)
  object space 52224K, 22% used [0x0000000081a00000,0x0000000082545440,0x0000000084d00000)
 Metaspace       used 34697K, capacity 35208K, committed 35416K, reserved 1079296K
  class space    used 4605K, capacity 4721K, committed 4736K, reserved 1048576K
}
Event: 6.759 GC heap before
{Heap before GC invocations=11 (full 2):
 PSYoungGen      total 267776K, used 9566K [0x00000000d5e00000, 0x00000000ee180000, 0x0000000100000000)
  eden space 257536K, 0% used [0x00000000d5e00000,0x00000000d5e00000,0x00000000e5980000)
  from space 10240K, 93% used [0x00000000e5980000,0x00000000e62d7a60,0x00000000e6380000)
  to   space 11264K, 0% used [0x00000000ed680000,0x00000000ed680000,0x00000000ee180000)
 ParOldGen       total 52224K, used 11541K [0x0000000081a00000, 0x0000000084d00000, 0x00000000d5e00000)
  object space 52224K, 22% used [0x0000000081a00000,0x0000000082545440,0x0000000084d00000)
 Metaspace       used 34697K, capacity 35208K, committed 35416K, reserved 1079296K
  class space    used 4605K, capacity 4721K, committed 4736K, reserved 1048576K
Event: 6.939 GC heap after
Heap after GC invocations=11 (full 2):
 PSYoungGen      total 267776K, used 0K [0x00000000d5e00000, 0x00000000ee180000, 0x0000000100000000)
  eden space 257536K, 0% used [0x00000000d5e00000,0x00000000d5e00000,0x00000000e5980000)
  from space 10240K, 0% used [0x00000000e5980000,0x00000000e5980000,0x00000000e6380000)
  to   space 11264K, 0% used [0x00000000ed680000,0x00000000ed680000,0x00000000ee180000)
 ParOldGen       total 52224K, used 20060K [0x0000000081a00000, 0x0000000084d00000, 0x00000000d5e00000)
  object space 52224K, 38% used [0x0000000081a00000,0x0000000082d973b8,0x0000000084d00000)
 Metaspace       used 34697K, capacity 35208K, committed 35416K, reserved 1079296K
  class space    used 4605K, capacity 4721K, committed 4736K, reserved 1048576K
}

